<?xml version="1.0" encoding="UTF-8"?>
<!-- Generated by org.testng.reporters.JUnitReportReporter -->
<testsuite hostname="WINDOWS-10" failures="0" tests="1" name="tests.LoginTest" time="6.261" errors="0" timestamp="2023-04-17T06:39:10 ICT" skipped="0">
  <testcase classname="tests.LoginTest" name="login" time="6.261"/>
  <system-out/>
</testsuite> <!-- tests.LoginTest -->
